\BOOKMARK [1][-]{section.1}{\376\377\116\000\116\233\220\032\165\050\166\204\145\160\133\146\151\202\137\365\116\016\213\260\123\367}{}% 1
\BOOKMARK [1][-]{section.2}{\376\377\121\306\131\007\135\345\117\134}{}% 2
\BOOKMARK [2][-]{subsection.2.1}{\376\377\136\177\116\111\133\236\145\160}{section.2}% 3
\BOOKMARK [2][-]{subsection.2.2}{\376\377\121\375\145\160}{section.2}% 4
\BOOKMARK [3][-]{subsubsection.2.2.1}{\376\377\133\232\116\111}{subsection.2.2}% 5
\BOOKMARK [3][-]{subsubsection.2.2.2}{\376\377\127\372\147\054\133\232\164\006}{subsection.2.2}% 6
\BOOKMARK [1][-]{section.3}{\376\377\147\201\226\120}{}% 7
\BOOKMARK [2][-]{subsection.3.1}{\376\377\145\160\122\027\166\204\147\201\226\120}{section.3}% 8
\BOOKMARK [3][-]{subsubsection.3.1.1}{\376\377\133\232\116\111}{subsection.3.1}% 9
\BOOKMARK [3][-]{subsubsection.3.1.2}{\376\377\127\372\147\054\133\232\164\006}{subsection.3.1}% 10
\BOOKMARK [3][-]{subsubsection.3.1.3}{\376\377\147\011\215\243\166\204\143\250\213\272}{subsection.3.1}% 11
\BOOKMARK [2][-]{subsection.3.2}{\376\377\121\375\145\160\166\204\147\201\226\120}{section.3}% 12
\BOOKMARK [3][-]{subsubsection.3.2.1}{\376\377\133\232\116\111}{subsection.3.2}% 13
\BOOKMARK [3][-]{subsubsection.3.2.2}{\376\377\127\372\147\054\133\232\164\006}{subsection.3.2}% 14
\BOOKMARK [3][-]{subsubsection.3.2.3}{\376\377\147\011\215\243\166\204\143\250\213\272}{subsection.3.2}% 15
\BOOKMARK [3][-]{subsubsection.3.2.4}{\376\377\117\213\230\230}{subsection.3.2}% 16
\BOOKMARK [1][-]{section.4}{\376\377\217\336\176\355\121\375\145\160}{}% 17
\BOOKMARK [2][-]{subsection.4.1}{\376\377\133\232\116\111}{section.4}% 18
\BOOKMARK [2][-]{subsection.4.2}{\376\377\127\372\147\054\133\232\164\006}{section.4}% 19
\BOOKMARK [2][-]{subsection.4.3}{\376\377\147\011\215\243\166\204\143\250\213\272}{section.4}% 20
